<?xml version="1.0" encoding="UTF-8"?>
<!-- Generated by org.testng.reporters.JUnitReportReporter -->
<testsuite hostname="nycpusagolube.local" name="test.nestle.Suite.CreateAccount" tests="1" failures="0" timestamp="4 Jun 2014 20:03:11 GMT" time="0.007" errors="0">
  <testcase name="testMe" time="0.007" classname="test.nestle.Suite.CreateAccount"/>
</testsuite>
